0 info it worked if it ends with ok
1 verbose cli [ '/usr/local/Cellar/node/5.9.1/bin/node',
1 verbose cli   '/usr/local/bin/npm',
1 verbose cli   'install',
1 verbose cli   '-g',
1 verbose cli   'tesseract-js' ]
2 info using npm@3.8.6
3 info using node@v5.10.1
4 silly loadCurrentTree Starting
5 silly install loadCurrentTree
6 silly install readGlobalPackageData
7 silly fetchPackageMetaData tesseract-js
8 silly fetchNamedPackageData tesseract-js
9 silly mapToRegistry name tesseract-js
10 silly mapToRegistry using default registry
11 silly mapToRegistry registry https://registry.npmjs.org/
12 silly mapToRegistry data Result {
12 silly mapToRegistry   raw: 'tesseract-js',
12 silly mapToRegistry   scope: null,
12 silly mapToRegistry   name: 'tesseract-js',
12 silly mapToRegistry   rawSpec: '',
12 silly mapToRegistry   spec: 'latest',
12 silly mapToRegistry   type: 'tag' }
13 silly mapToRegistry uri https://registry.npmjs.org/tesseract-js
14 verbose request uri https://registry.npmjs.org/tesseract-js
15 verbose request no auth needed
16 info attempt registry request try #1 at 2:40:42 PM
17 verbose request id 417bd9d780c8ee82
18 verbose etag "AND72MPJ4M1ZXCZEFFAI43DAH"
19 http request GET https://registry.npmjs.org/tesseract-js
20 http 304 https://registry.npmjs.org/tesseract-js
21 verbose headers { date: 'Mon, 18 Apr 2016 21:40:42 GMT',
21 verbose headers   via: '1.1 varnish',
21 verbose headers   'cache-control': 'max-age=300',
21 verbose headers   etag: '"AND72MPJ4M1ZXCZEFFAI43DAH"',
21 verbose headers   age: '246',
21 verbose headers   connection: 'keep-alive',
21 verbose headers   'x-served-by': 'cache-lax1423-LAX',
21 verbose headers   'x-cache': 'HIT',
21 verbose headers   'x-cache-hits': '1',
21 verbose headers   'x-timer': 'S1461015642.511522,VS0,VE0',
21 verbose headers   vary: 'Accept-Encoding' }
22 silly get cb [ 304,
22 silly get   { date: 'Mon, 18 Apr 2016 21:40:42 GMT',
22 silly get     via: '1.1 varnish',
22 silly get     'cache-control': 'max-age=300',
22 silly get     etag: '"AND72MPJ4M1ZXCZEFFAI43DAH"',
22 silly get     age: '246',
22 silly get     connection: 'keep-alive',
22 silly get     'x-served-by': 'cache-lax1423-LAX',
22 silly get     'x-cache': 'HIT',
22 silly get     'x-cache-hits': '1',
22 silly get     'x-timer': 'S1461015642.511522,VS0,VE0',
22 silly get     vary: 'Accept-Encoding' } ]
23 verbose etag https://registry.npmjs.org/tesseract-js from cache
24 verbose get saving tesseract-js to /Users/jnance/.npm/registry.npmjs.org/tesseract-js/.cache.json
25 verbose correctMkdir /Users/jnance/.npm correctMkdir not in flight; initializing
26 silly install normalizeTree
27 silly loadCurrentTree Finishing
28 silly loadIdealTree Starting
29 silly install loadIdealTree
30 silly cloneCurrentTree Starting
31 silly install cloneCurrentTreeToIdealTree
32 silly cloneCurrentTree Finishing
33 silly loadShrinkwrap Starting
34 silly install loadShrinkwrap
35 silly loadShrinkwrap Finishing
36 silly loadAllDepsIntoIdealTree Starting
37 silly install loadAllDepsIntoIdealTree
38 silly resolveWithNewModule tesseract-js@0.0.1 checking installable status
39 silly cache add args [ 'tesseract-js', null ]
40 verbose cache add spec tesseract-js
41 silly cache add parsed spec Result {
41 silly cache add   raw: 'tesseract-js',
41 silly cache add   scope: null,
41 silly cache add   name: 'tesseract-js',
41 silly cache add   rawSpec: '',
41 silly cache add   spec: 'latest',
41 silly cache add   type: 'tag' }
42 silly addNamed tesseract-js@latest
43 verbose addNamed "latest" is being treated as a dist-tag for tesseract-js
44 info addNameTag [ 'tesseract-js', 'latest' ]
45 silly mapToRegistry name tesseract-js
46 silly mapToRegistry using default registry
47 silly mapToRegistry registry https://registry.npmjs.org/
48 silly mapToRegistry data Result {
48 silly mapToRegistry   raw: 'tesseract-js',
48 silly mapToRegistry   scope: null,
48 silly mapToRegistry   name: 'tesseract-js',
48 silly mapToRegistry   rawSpec: '',
48 silly mapToRegistry   spec: 'latest',
48 silly mapToRegistry   type: 'tag' }
49 silly mapToRegistry uri https://registry.npmjs.org/tesseract-js
50 verbose addNameTag registry:https://registry.npmjs.org/tesseract-js not in flight; fetching
51 verbose get https://registry.npmjs.org/tesseract-js not expired, no request
52 silly addNameTag next cb for tesseract-js with tag latest
53 silly addNamed tesseract-js@0.0.1
54 verbose addNamed "0.0.1" is a plain semver version for tesseract-js
55 silly cache afterAdd tesseract-js@0.0.1
56 verbose afterAdd /Users/jnance/.npm/tesseract-js/0.0.1/package/package.json not in flight; writing
57 verbose correctMkdir /Users/jnance/.npm correctMkdir not in flight; initializing
58 verbose afterAdd /Users/jnance/.npm/tesseract-js/0.0.1/package/package.json written
59 silly fetchNamedPackageData chai
60 silly mapToRegistry name chai
61 silly mapToRegistry using default registry
62 silly mapToRegistry registry https://registry.npmjs.org/
63 silly mapToRegistry data Result {
63 silly mapToRegistry   raw: 'chai',
63 silly mapToRegistry   scope: null,
63 silly mapToRegistry   name: 'chai',
63 silly mapToRegistry   rawSpec: '',
63 silly mapToRegistry   spec: 'latest',
63 silly mapToRegistry   type: 'tag' }
64 silly mapToRegistry uri https://registry.npmjs.org/chai
65 verbose request uri https://registry.npmjs.org/chai
66 verbose request no auth needed
67 info attempt registry request try #1 at 2:40:43 PM
68 verbose etag "8FRAMMTWAI0QCNQB3F196YT9D"
69 http request GET https://registry.npmjs.org/chai
70 http 304 https://registry.npmjs.org/chai
71 verbose headers { date: 'Mon, 18 Apr 2016 21:40:43 GMT',
71 verbose headers   via: '1.1 varnish',
71 verbose headers   'cache-control': 'max-age=300',
71 verbose headers   etag: '"8FRAMMTWAI0QCNQB3F196YT9D"',
71 verbose headers   age: '127',
71 verbose headers   connection: 'keep-alive',
71 verbose headers   'x-served-by': 'cache-lax1423-LAX',
71 verbose headers   'x-cache': 'HIT',
71 verbose headers   'x-cache-hits': '2',
71 verbose headers   'x-timer': 'S1461015643.182755,VS0,VE0',
71 verbose headers   vary: 'Accept-Encoding' }
72 silly get cb [ 304,
72 silly get   { date: 'Mon, 18 Apr 2016 21:40:43 GMT',
72 silly get     via: '1.1 varnish',
72 silly get     'cache-control': 'max-age=300',
72 silly get     etag: '"8FRAMMTWAI0QCNQB3F196YT9D"',
72 silly get     age: '127',
72 silly get     connection: 'keep-alive',
72 silly get     'x-served-by': 'cache-lax1423-LAX',
72 silly get     'x-cache': 'HIT',
72 silly get     'x-cache-hits': '2',
72 silly get     'x-timer': 'S1461015643.182755,VS0,VE0',
72 silly get     vary: 'Accept-Encoding' } ]
73 verbose etag https://registry.npmjs.org/chai from cache
74 verbose get saving chai to /Users/jnance/.npm/registry.npmjs.org/chai/.cache.json
75 verbose correctMkdir /Users/jnance/.npm correctMkdir not in flight; initializing
76 silly resolveWithNewModule chai@1.3.0 checking installable status
77 silly cache add args [ 'chai@1.3.0', null ]
78 verbose cache add spec chai@1.3.0
79 silly cache add parsed spec Result {
79 silly cache add   raw: 'chai@1.3.0',
79 silly cache add   scope: null,
79 silly cache add   name: 'chai',
79 silly cache add   rawSpec: '1.3.0',
79 silly cache add   spec: '1.3.0',
79 silly cache add   type: 'version' }
80 silly addNamed chai@1.3.0
81 verbose addNamed "1.3.0" is a plain semver version for chai
82 silly mapToRegistry name chai
83 silly mapToRegistry using default registry
84 silly mapToRegistry registry https://registry.npmjs.org/
85 silly mapToRegistry data Result {
85 silly mapToRegistry   raw: 'chai',
85 silly mapToRegistry   scope: null,
85 silly mapToRegistry   name: 'chai',
85 silly mapToRegistry   rawSpec: '',
85 silly mapToRegistry   spec: 'latest',
85 silly mapToRegistry   type: 'tag' }
86 silly mapToRegistry uri https://registry.npmjs.org/chai
87 verbose addNameVersion registry:https://registry.npmjs.org/chai not in flight; fetching
88 verbose get https://registry.npmjs.org/chai not expired, no request
89 silly cache afterAdd chai@1.3.0
90 verbose afterAdd /Users/jnance/.npm/chai/1.3.0/package/package.json not in flight; writing
91 verbose correctMkdir /Users/jnance/.npm correctMkdir not in flight; initializing
92 verbose afterAdd /Users/jnance/.npm/chai/1.3.0/package/package.json written
93 silly loadAllDepsIntoIdealTree Finishing
94 silly idealTree:prePrune lib
94 silly idealTree:prePrune └─┬ tesseract-js@0.0.1
94 silly idealTree:prePrune   └── chai@1.3.0
95 silly loadIdealTree Finishing
96 silly currentTree lib
97 silly idealTree lib
97 silly idealTree └─┬ tesseract-js@0.0.1
97 silly idealTree   └── chai@1.3.0
98 silly generateActionsToTake Starting
99 silly install generateActionsToTake
100 silly generateActionsToTake Finishing
101 silly diffTrees action count 2
102 silly diffTrees add chai@1.3.0
103 silly diffTrees add tesseract-js@0.0.1
104 silly decomposeActions action count 16
105 silly decomposeActions fetch chai@1.3.0
106 silly decomposeActions extract chai@1.3.0
107 silly decomposeActions test chai@1.3.0
108 silly decomposeActions preinstall chai@1.3.0
109 silly decomposeActions build chai@1.3.0
110 silly decomposeActions install chai@1.3.0
111 silly decomposeActions postinstall chai@1.3.0
112 silly decomposeActions finalize chai@1.3.0
113 silly decomposeActions fetch tesseract-js@0.0.1
114 silly decomposeActions extract tesseract-js@0.0.1
115 silly decomposeActions test tesseract-js@0.0.1
116 silly decomposeActions preinstall tesseract-js@0.0.1
117 silly decomposeActions build tesseract-js@0.0.1
118 silly decomposeActions install tesseract-js@0.0.1
119 silly decomposeActions postinstall tesseract-js@0.0.1
120 silly decomposeActions finalize tesseract-js@0.0.1
121 silly executeActions Starting
122 silly install executeActions
123 silly doSerial global-install 0
124 silly doParallel fetch 2
125 verbose correctMkdir /Users/jnance/.npm/_locks correctMkdir not in flight; initializing
126 verbose lock using /Users/jnance/.npm/_locks/staging-3a08f0df5026584d.lock for /usr/local/lib/node_modules/.staging
127 silly doParallel extract 2
128 silly extract chai@1.3.0
129 silly extract tesseract-js@0.0.1
130 verbose unbuild lib/node_modules/.staging/chai-98406139
131 silly gentlyRm /usr/local/lib/node_modules/.staging/chai-98406139 is being purged from base /usr/local
132 verbose gentlyRm don't care about contents; nuking /usr/local/lib/node_modules/.staging/chai-98406139
133 verbose tar unpack /Users/jnance/.npm/chai/1.3.0/package.tgz
134 verbose tar unpacking to /usr/local/lib/node_modules/.staging/chai-98406139
135 silly gentlyRm /usr/local/lib/node_modules/.staging/chai-98406139 is being purged
136 verbose gentlyRm don't care about contents; nuking /usr/local/lib/node_modules/.staging/chai-98406139
137 verbose unbuild lib/node_modules/.staging/tesseract-js-bd8014b6
138 silly gunzTarPerm modes [ '755', '644' ]
139 silly gentlyRm /usr/local/lib/node_modules/.staging/tesseract-js-bd8014b6 is being purged from base /usr/local
140 verbose gentlyRm don't care about contents; nuking /usr/local/lib/node_modules/.staging/tesseract-js-bd8014b6
141 verbose tar unpack /Users/jnance/.npm/tesseract-js/0.0.1/package.tgz
142 verbose tar unpacking to /usr/local/lib/node_modules/.staging/tesseract-js-bd8014b6
143 silly gentlyRm /usr/local/lib/node_modules/.staging/tesseract-js-bd8014b6 is being purged
144 verbose gentlyRm don't care about contents; nuking /usr/local/lib/node_modules/.staging/tesseract-js-bd8014b6
145 silly gunzTarPerm modes [ '755', '644' ]
146 silly gunzTarPerm extractEntry package.json
147 silly gunzTarPerm extractEntry package.json
148 silly gunzTarPerm extractEntry .npmignore
149 silly gunzTarPerm extractEntry README.md
150 silly gunzTarPerm extractEntry .npmignore
151 silly gunzTarPerm extractEntry README.md
152 silly gunzTarPerm extractEntry chai.js
153 silly gunzTarPerm extractEntry index.js
154 silly gunzTarPerm extractEntry LICENSE
155 silly gunzTarPerm extractEntry binding.gyp
156 silly gunzTarPerm extractEntry History.md
157 silly gunzTarPerm extractEntry lib/chai.js
158 silly gunzTarPerm extractEntry deps/leptonica/leptonica-license.txt
159 silly gunzTarPerm extractEntry deps/leptonica/leptonica.gyp
160 silly gunzTarPerm extractEntry lib/chai/assertion.js
161 silly gunzTarPerm extractEntry lib/chai/error.js
162 silly gunzTarPerm extractEntry lib/chai/browser/error.js
163 silly gunzTarPerm extractEntry lib/chai/core/assertions.js
164 silly gunzTarPerm extractEntry lib/chai/interface/assert.js
165 silly gunzTarPerm extractEntry deps/leptonica/src/list.c
166 silly gunzTarPerm extractEntry deps/leptonica/src/adaptmap.c
167 silly gunzTarPerm extractEntry lib/chai/interface/expect.js
168 silly gunzTarPerm extractEntry lib/chai/interface/should.js
169 silly gunzTarPerm extractEntry lib/chai/utils/addChainableMethod.js
170 silly gunzTarPerm extractEntry lib/chai/utils/flag.js
171 silly gunzTarPerm extractEntry deps/leptonica/src/affinecompose.c
172 silly gunzTarPerm extractEntry deps/leptonica/src/allheaders.h
173 silly gunzTarPerm extractEntry lib/chai/utils/getActual.js
174 silly gunzTarPerm extractEntry lib/chai/utils/getMessage.js
175 silly gunzTarPerm extractEntry deps/leptonica/src/alltypes.h
176 silly gunzTarPerm extractEntry lib/chai/utils/getName.js
177 silly gunzTarPerm extractEntry lib/chai/utils/eql.js
178 silly gunzTarPerm extractEntry lib/chai/utils/index.js
179 silly gunzTarPerm extractEntry lib/chai/utils/inspect.js
180 silly gunzTarPerm extractEntry deps/leptonica/src/arithlow.c
181 silly gunzTarPerm extractEntry deps/leptonica/src/array.h
182 silly gunzTarPerm extractEntry lib/chai/utils/objDisplay.js
183 silly gunzTarPerm extractEntry lib/chai/utils/overwriteMethod.js
184 silly gunzTarPerm extractEntry deps/leptonica/src/arrayaccess.c
185 silly gunzTarPerm extractEntry deps/leptonica/src/arrayaccess.h
186 silly gunzTarPerm extractEntry deps/leptonica/src/bardecode.c
187 silly gunzTarPerm extractEntry deps/leptonica/src/baseline.c
188 silly gunzTarPerm extractEntry lib/chai/utils/overwriteProperty.js
189 silly gunzTarPerm extractEntry lib/chai/utils/addProperty.js
190 silly gunzTarPerm extractEntry deps/leptonica/src/bbuffer.c
191 silly gunzTarPerm extractEntry deps/leptonica/src/bbuffer.h
192 silly gunzTarPerm extractEntry deps/leptonica/src/bilinear.c
193 silly gunzTarPerm extractEntry deps/leptonica/src/binarize.c
194 silly gunzTarPerm extractEntry lib/chai/utils/test.js
195 silly gunzTarPerm extractEntry lib/chai/utils/addMethod.js
196 silly gunzTarPerm extractEntry deps/leptonica/src/binexpand.c
197 silly gunzTarPerm extractEntry deps/leptonica/src/binexpandlow.c
198 silly gunzTarPerm extractEntry deps/leptonica/src/binreduce.c
199 silly gunzTarPerm extractEntry deps/leptonica/src/binreducelow.c
200 silly gunzTarPerm extractEntry lib/chai/utils/transferFlags.js
201 silly gunzTarPerm extractEntry lib/chai/utils/getPathValue.js
202 silly gunzTarPerm extractEntry deps/leptonica/src/blend.c
203 silly gunzTarPerm extractEntry deps/leptonica/src/bmf.c
204 silly gunzTarPerm extractEntry deps/leptonica/src/bmf.h
205 silly gunzTarPerm extractEntry deps/leptonica/src/bmp.h
206 silly gunzTarPerm extractEntry deps/leptonica/src/bmpio.c
207 silly gunzTarPerm extractEntry deps/leptonica/src/bmpiostub.c
208 silly gunzTarPerm extractEntry deps/leptonica/src/boxbasic.c
209 silly gunzTarPerm extractEntry deps/leptonica/src/boxfunc1.c
210 silly gunzTarPerm extractEntry deps/leptonica/src/boxfunc2.c
211 silly gunzTarPerm extractEntry deps/leptonica/src/boxfunc3.c
212 silly gunzTarPerm extractEntry deps/leptonica/src/boxfunc4.c
213 silly gunzTarPerm extractEntry deps/leptonica/src/bytearray.c
214 silly gunzTarPerm extractEntry deps/leptonica/src/ccbord.c
215 silly gunzTarPerm extractEntry deps/leptonica/src/ccbord.h
216 silly gunzTarPerm extractEntry deps/leptonica/src/ccthin.c
217 silly gunzTarPerm extractEntry deps/leptonica/src/classapp.c
218 silly gunzTarPerm extractEntry deps/leptonica/src/colorcontent.c
219 silly gunzTarPerm extractEntry deps/leptonica/src/coloring.c
220 silly gunzTarPerm extractEntry deps/leptonica/src/colormap.c
221 silly gunzTarPerm extractEntry deps/leptonica/src/colormorph.c
222 silly gunzTarPerm extractEntry deps/leptonica/src/colorquant1.c
223 silly gunzTarPerm extractEntry deps/leptonica/src/colorquant2.c
224 silly gunzTarPerm extractEntry deps/leptonica/src/colorseg.c
225 silly gunzTarPerm extractEntry deps/leptonica/src/colorspace.c
226 silly gunzTarPerm extractEntry deps/leptonica/src/compare.c
227 silly gunzTarPerm extractEntry deps/leptonica/src/conncomp.c
228 silly gunzTarPerm extractEntry deps/leptonica/src/convertfiles.c
229 silly gunzTarPerm extractEntry deps/leptonica/src/convolve.c
230 silly gunzTarPerm extractEntry deps/leptonica/src/convolvelow.c
231 silly gunzTarPerm extractEntry deps/leptonica/src/correlscore.c
232 silly gunzTarPerm extractEntry deps/leptonica/src/dewarp.c
233 silly gunzTarPerm extractEntry deps/leptonica/src/dewarp.h
234 silly gunzTarPerm extractEntry deps/leptonica/src/dnabasic.c
235 silly gunzTarPerm extractEntry deps/leptonica/src/dwacomb.2.c
236 silly gunzTarPerm extractEntry deps/leptonica/src/dwacomblow.2.c
237 silly gunzTarPerm extractEntry deps/leptonica/src/edge.c
238 silly gunzTarPerm extractEntry deps/leptonica/src/endianness.h
239 silly gunzTarPerm extractEntry deps/leptonica/src/enhance.c
240 silly gunzTarPerm extractEntry deps/leptonica/src/environ.h
241 silly gunzTarPerm extractEntry deps/leptonica/src/fhmtauto.c
242 silly gunzTarPerm extractEntry deps/leptonica/src/fhmtgen.1.c
243 silly gunzTarPerm extractEntry deps/leptonica/src/fhmtgenlow.1.c
244 silly gunzTarPerm extractEntry deps/leptonica/src/finditalic.c
245 silly gunzTarPerm extractEntry deps/leptonica/src/flipdetect.c
246 silly gunzTarPerm extractEntry deps/leptonica/src/fliphmtgen.c
247 silly gunzTarPerm extractEntry deps/leptonica/src/fmorphauto.c
248 silly gunzTarPerm extractEntry deps/leptonica/src/fmorphgen.1.c
249 silly gunzTarPerm extractEntry deps/leptonica/src/fmorphgenlow.1.c
250 silly gunzTarPerm extractEntry deps/leptonica/src/fpix1.c
251 silly gunzTarPerm extractEntry deps/leptonica/src/fpix2.c
252 silly gunzTarPerm extractEntry deps/leptonica/src/freetype.c
253 silly gunzTarPerm extractEntry deps/leptonica/src/freetype.h
254 silly gunzTarPerm extractEntry deps/leptonica/src/gifio.c
255 silly gunzTarPerm extractEntry deps/leptonica/src/gifiostub.c
256 silly gunzTarPerm extractEntry deps/leptonica/src/gplot.c
257 silly gentlyRm /usr/local/lib/node_modules/.staging/chai-98406139/node_modules is being purged
258 verbose gentlyRm don't care about contents; nuking /usr/local/lib/node_modules/.staging/chai-98406139/node_modules
259 silly gunzTarPerm extractEntry deps/leptonica/src/gplot.h
260 silly gunzTarPerm extractEntry deps/leptonica/src/graphics.c
261 silly gunzTarPerm extractEntry deps/leptonica/src/graymorph.c
262 silly gunzTarPerm extractEntry deps/leptonica/src/graymorphlow.c
263 silly gunzTarPerm extractEntry deps/leptonica/src/grayquant.c
264 silly gunzTarPerm extractEntry deps/leptonica/src/grayquantlow.c
265 silly gunzTarPerm extractEntry deps/leptonica/src/heap.c
266 silly gunzTarPerm extractEntry deps/leptonica/src/heap.h
267 silly gunzTarPerm extractEntry deps/leptonica/src/imageio.h
268 silly gunzTarPerm extractEntry deps/leptonica/src/jbclass.c
269 silly gunzTarPerm extractEntry deps/leptonica/src/jbclass.h
270 silly gunzTarPerm extractEntry deps/leptonica/src/jpegio.c
271 silly gunzTarPerm extractEntry deps/leptonica/src/jpegiostub.c
272 silly gunzTarPerm extractEntry deps/leptonica/src/kernel.c
273 silly gunzTarPerm extractEntry deps/leptonica/src/leptwin.c
274 silly gunzTarPerm extractEntry deps/leptonica/src/leptwin.h
275 silly gunzTarPerm extractEntry deps/leptonica/src/libversions.c
276 silly gunzTarPerm extractEntry deps/leptonica/src/affine.c
277 silly gunzTarPerm extractEntry deps/leptonica/src/list.h
278 silly gunzTarPerm extractEntry deps/leptonica/src/maze.c
279 silly gunzTarPerm extractEntry deps/leptonica/src/morph.c
280 silly gunzTarPerm extractEntry deps/leptonica/src/morph.h
281 silly gunzTarPerm extractEntry deps/leptonica/src/morphapp.c
282 silly gunzTarPerm extractEntry deps/leptonica/src/morphdwa.c
283 silly gunzTarPerm extractEntry deps/leptonica/src/morphseq.c
284 silly gunzTarPerm extractEntry deps/leptonica/src/numabasic.c
285 silly gunzTarPerm extractEntry deps/leptonica/src/numafunc1.c
286 silly gunzTarPerm extractEntry deps/leptonica/src/numafunc2.c
287 silly gunzTarPerm extractEntry deps/leptonica/src/pageseg.c
288 silly gunzTarPerm extractEntry deps/leptonica/src/paintcmap.c
289 silly gunzTarPerm extractEntry deps/leptonica/src/parseprotos.c
290 silly gunzTarPerm extractEntry deps/leptonica/src/partition.c
291 silly gunzTarPerm extractEntry deps/leptonica/src/pdfio.c
292 silly gunzTarPerm extractEntry deps/leptonica/src/pdfiostub.c
293 silly gunzTarPerm extractEntry deps/leptonica/src/pix.h
294 silly gunzTarPerm extractEntry deps/leptonica/src/pix1.c
295 silly gunzTarPerm extractEntry deps/leptonica/src/pix2.c
296 silly gunzTarPerm extractEntry deps/leptonica/src/pix3.c
297 silly gunzTarPerm extractEntry deps/leptonica/src/pix4.c
298 silly gunzTarPerm extractEntry deps/leptonica/src/pix5.c
299 silly gunzTarPerm extractEntry deps/leptonica/src/pixabasic.c
300 silly gunzTarPerm extractEntry deps/leptonica/src/pixacc.c
301 silly gunzTarPerm extractEntry deps/leptonica/src/pixafunc1.c
302 silly gunzTarPerm extractEntry deps/leptonica/src/pixafunc2.c
303 silly gunzTarPerm extractEntry deps/leptonica/src/pixalloc.c
304 silly gunzTarPerm extractEntry deps/leptonica/src/pixarith.c
305 silly gunzTarPerm extractEntry deps/leptonica/src/pixcomp.c
306 silly gunzTarPerm extractEntry deps/leptonica/src/pixconv.c
307 silly gunzTarPerm extractEntry deps/leptonica/src/pixtiling.c
308 silly gunzTarPerm extractEntry deps/leptonica/src/pngio.c
309 silly gunzTarPerm extractEntry deps/leptonica/src/pngiostub.c
310 silly gunzTarPerm extractEntry deps/leptonica/src/pnmio.c
311 silly gunzTarPerm extractEntry deps/leptonica/src/pnmiostub.c
312 silly gunzTarPerm extractEntry deps/leptonica/src/projective.c
313 silly gunzTarPerm extractEntry deps/leptonica/src/psio1.c
314 silly gunzTarPerm extractEntry deps/leptonica/src/psio1stub.c
315 silly gunzTarPerm extractEntry deps/leptonica/src/psio2.c
316 silly gunzTarPerm extractEntry deps/leptonica/src/psio2stub.c
317 silly gunzTarPerm extractEntry deps/leptonica/src/ptabasic.c
318 silly gunzTarPerm extractEntry deps/leptonica/src/ptafunc1.c
319 silly gunzTarPerm extractEntry deps/leptonica/src/ptra.c
320 silly gunzTarPerm extractEntry deps/leptonica/src/ptra.h
321 silly gunzTarPerm extractEntry deps/leptonica/src/quadtree.c
322 silly gunzTarPerm extractEntry deps/leptonica/src/queue.c
323 silly gunzTarPerm extractEntry deps/leptonica/src/queue.h
324 silly gunzTarPerm extractEntry deps/leptonica/src/rank.c
325 silly gunzTarPerm extractEntry deps/leptonica/src/readbarcode.c
326 silly gunzTarPerm extractEntry deps/leptonica/src/readbarcode.h
327 silly gunzTarPerm extractEntry deps/leptonica/src/readfile.c
328 silly gunzTarPerm extractEntry deps/leptonica/src/regutils.c
329 silly gunzTarPerm extractEntry deps/leptonica/src/regutils.h
330 silly gunzTarPerm extractEntry deps/leptonica/src/rop.c
331 silly gunzTarPerm extractEntry deps/leptonica/src/ropiplow.c
332 silly gunzTarPerm extractEntry deps/leptonica/src/roplow.c
333 silly gunzTarPerm extractEntry deps/leptonica/src/rotate.c
334 silly gunzTarPerm extractEntry deps/leptonica/src/rotateam.c
335 silly gunzTarPerm extractEntry deps/leptonica/src/rotateamlow.c
336 silly gunzTarPerm extractEntry deps/leptonica/src/rotateorth.c
337 silly gunzTarPerm extractEntry deps/leptonica/src/rotateorthlow.c
338 silly gunzTarPerm extractEntry deps/leptonica/src/rotateshear.c
339 silly gunzTarPerm extractEntry deps/leptonica/src/runlength.c
340 silly gunzTarPerm extractEntry deps/leptonica/src/sarray.c
341 silly gunzTarPerm extractEntry deps/leptonica/src/scale.c
342 silly gunzTarPerm extractEntry deps/leptonica/src/scalelow.c
343 silly gunzTarPerm extractEntry deps/leptonica/src/seedfill.c
344 silly gunzTarPerm extractEntry deps/leptonica/src/seedfilllow.c
345 silly gunzTarPerm extractEntry deps/leptonica/src/sel1.c
346 silly gunzTarPerm extractEntry deps/leptonica/src/sel2.c
347 silly gunzTarPerm extractEntry deps/leptonica/src/selgen.c
348 silly gunzTarPerm extractEntry deps/leptonica/src/shear.c
349 silly gunzTarPerm extractEntry deps/leptonica/src/skew.c
350 silly gunzTarPerm extractEntry deps/leptonica/src/spixio.c
351 silly gunzTarPerm extractEntry deps/leptonica/src/stack.c
352 silly gunzTarPerm extractEntry deps/leptonica/src/stack.h
353 silly gunzTarPerm extractEntry deps/leptonica/src/sudoku.c
354 silly gunzTarPerm extractEntry deps/leptonica/src/sudoku.h
355 silly gunzTarPerm extractEntry deps/leptonica/src/textops.c
356 silly gunzTarPerm extractEntry deps/leptonica/src/tiffio.c
357 silly gunzTarPerm extractEntry deps/leptonica/src/tiffiostub.c
358 silly gunzTarPerm extractEntry deps/leptonica/src/utils.c
359 silly gunzTarPerm extractEntry deps/leptonica/src/viewfiles.c
360 silly gunzTarPerm extractEntry deps/leptonica/src/warper.c
361 silly gunzTarPerm extractEntry deps/leptonica/src/watershed.c
362 silly gunzTarPerm extractEntry deps/leptonica/src/watershed.h
363 silly gunzTarPerm extractEntry deps/leptonica/src/webpio.c
364 silly gunzTarPerm extractEntry deps/leptonica/src/webpiostub.c
365 silly gunzTarPerm extractEntry deps/leptonica/src/writefile.c
366 silly gunzTarPerm extractEntry deps/leptonica/src/zlibmem.c
367 silly gunzTarPerm extractEntry deps/leptonica/src/zlibmemstub.c
368 silly gunzTarPerm extractEntry deps/tesseract/dict/permute.cpp
369 silly gunzTarPerm extractEntry deps/tesseract/dict/context.cpp
370 silly gunzTarPerm extractEntry deps/tesseract/dict/dawg.h
371 silly gunzTarPerm extractEntry deps/tesseract/dict/dict.cpp
372 silly gunzTarPerm extractEntry deps/tesseract/dict/dict.h
373 silly gunzTarPerm extractEntry deps/tesseract/dict/hyphen.cpp
374 silly gunzTarPerm extractEntry deps/tesseract/dict/matchdefs.h
375 silly gunzTarPerm extractEntry deps/tesseract/dict/permdawg.cpp
376 silly gunzTarPerm extractEntry deps/tesseract/dict/dawg.cpp
377 silly gunzTarPerm extractEntry deps/tesseract/dict/permute.h
378 silly gunzTarPerm extractEntry deps/tesseract/dict/states.cpp
379 silly gunzTarPerm extractEntry deps/tesseract/dict/states.h
380 silly gunzTarPerm extractEntry deps/tesseract/dict/stopper.cpp
381 silly gunzTarPerm extractEntry deps/tesseract/dict/stopper.h
382 silly gunzTarPerm extractEntry deps/tesseract/dict/trie.cpp
383 silly gunzTarPerm extractEntry deps/tesseract/dict/trie.h
384 silly gunzTarPerm extractEntry deps/tesseract/api/apitypes.h
385 silly gunzTarPerm extractEntry deps/tesseract/api/baseapi.cpp
386 silly gunzTarPerm extractEntry deps/tesseract/api/baseapi.h
387 silly gunzTarPerm extractEntry deps/tesseract/api/capi.cpp
388 silly gunzTarPerm extractEntry deps/tesseract/api/capi.h
389 silly gunzTarPerm extractEntry deps/tesseract/api/tesseractmain.cpp
390 silly gunzTarPerm extractEntry deps/tesseract/api/tesseractmain.h
391 silly gunzTarPerm extractEntry deps/tesseract/api/version.h
392 silly gunzTarPerm extractEntry deps/tesseract/ccstruct/ocrrow.h
393 silly gunzTarPerm extractEntry deps/tesseract/ccstruct/blckerr.h
394 silly gunzTarPerm extractEntry deps/tesseract/ccstruct/blobbox.h
395 silly gunzTarPerm extractEntry deps/tesseract/ccstruct/blobs.cpp
396 silly gunzTarPerm extractEntry deps/tesseract/ccstruct/blobs.h
397 silly gunzTarPerm extractEntry deps/tesseract/ccstruct/blread.cpp
398 silly gunzTarPerm extractEntry deps/tesseract/ccstruct/blread.h
399 silly gunzTarPerm extractEntry deps/tesseract/ccstruct/boxread.cpp
400 silly gunzTarPerm extractEntry deps/tesseract/ccstruct/boxread.h
401 silly gunzTarPerm extractEntry deps/tesseract/ccstruct/boxword.cpp
402 silly gunzTarPerm extractEntry deps/tesseract/ccstruct/boxword.h
403 silly gunzTarPerm extractEntry deps/tesseract/ccstruct/ccstruct.cpp
404 silly gunzTarPerm extractEntry deps/tesseract/ccstruct/ccstruct.h
405 silly gunzTarPerm extractEntry deps/tesseract/ccstruct/coutln.cpp
406 silly gunzTarPerm extractEntry deps/tesseract/ccstruct/coutln.h
407 silly gunzTarPerm extractEntry deps/tesseract/ccstruct/crakedge.h
408 silly gunzTarPerm extractEntry deps/tesseract/ccstruct/detlinefit.cpp
409 silly gunzTarPerm extractEntry deps/tesseract/ccstruct/detlinefit.h
410 silly gunzTarPerm extractEntry deps/tesseract/ccstruct/dppoint.cpp
411 silly gunzTarPerm extractEntry deps/tesseract/ccstruct/dppoint.h
412 silly gunzTarPerm extractEntry deps/tesseract/ccstruct/fontinfo.cpp
413 silly gunzTarPerm extractEntry deps/tesseract/ccstruct/fontinfo.h
414 silly gunzTarPerm extractEntry deps/tesseract/ccstruct/genblob.cpp
415 silly gunzTarPerm extractEntry deps/tesseract/ccstruct/genblob.h
416 silly gunzTarPerm extractEntry deps/tesseract/ccstruct/hpddef.h
417 silly gunzTarPerm extractEntry deps/tesseract/ccstruct/hpdsizes.h
418 silly gunzTarPerm extractEntry deps/tesseract/ccstruct/ipoints.h
419 silly gunzTarPerm extractEntry deps/tesseract/ccstruct/linlsq.cpp
420 silly gunzTarPerm extractEntry deps/tesseract/ccstruct/linlsq.h
421 silly gunzTarPerm extractEntry deps/tesseract/ccstruct/matrix.cpp
422 silly gunzTarPerm extractEntry deps/tesseract/ccstruct/matrix.h
423 silly gunzTarPerm extractEntry deps/tesseract/ccstruct/mod128.cpp
424 silly gunzTarPerm extractEntry deps/tesseract/ccstruct/mod128.h
425 silly gunzTarPerm extractEntry deps/tesseract/ccstruct/normalis.cpp
426 silly gunzTarPerm extractEntry deps/tesseract/ccstruct/normalis.h
427 silly gunzTarPerm extractEntry deps/tesseract/ccstruct/ocrblock.cpp
428 silly gunzTarPerm extractEntry deps/tesseract/ccstruct/ocrblock.h
429 silly gunzTarPerm extractEntry deps/tesseract/ccstruct/ocrpara.cpp
430 silly gunzTarPerm extractEntry deps/tesseract/ccstruct/ocrpara.h
431 silly gunzTarPerm extractEntry deps/tesseract/ccstruct/ocrrow.cpp
432 silly gunzTarPerm extractEntry deps/tesseract/ccstruct/blobbox.cpp
433 silly gunzTarPerm extractEntry deps/tesseract/ccstruct/otsuthr.cpp
434 silly gunzTarPerm extractEntry deps/tesseract/ccstruct/otsuthr.h
435 silly gunzTarPerm extractEntry deps/tesseract/ccstruct/pageres.cpp
436 silly gunzTarPerm extractEntry deps/tesseract/ccstruct/pageres.h
437 silly gunzTarPerm extractEntry deps/tesseract/ccstruct/params_training_featdef.h
438 silly gunzTarPerm extractEntry deps/tesseract/ccstruct/pdblock.cpp
439 silly gunzTarPerm extractEntry deps/tesseract/ccstruct/pdblock.h
440 silly gunzTarPerm extractEntry deps/tesseract/ccstruct/points.cpp
441 silly gunzTarPerm extractEntry deps/tesseract/ccstruct/points.h
442 silly gunzTarPerm extractEntry deps/tesseract/ccstruct/polyaprx.cpp
443 silly gunzTarPerm extractEntry deps/tesseract/ccstruct/polyaprx.h
444 silly gunzTarPerm extractEntry deps/tesseract/ccstruct/polyblk.cpp
445 silly gunzTarPerm extractEntry deps/tesseract/ccstruct/polyblk.h
446 silly gunzTarPerm extractEntry deps/tesseract/ccstruct/publictypes.cpp
447 silly gunzTarPerm extractEntry deps/tesseract/ccstruct/publictypes.h
448 silly gunzTarPerm extractEntry deps/tesseract/ccstruct/quadlsq.cpp
449 silly gunzTarPerm extractEntry deps/tesseract/ccstruct/quadlsq.h
450 silly gunzTarPerm extractEntry deps/tesseract/ccstruct/quadratc.cpp
451 silly gunzTarPerm extractEntry deps/tesseract/ccstruct/quadratc.h
452 silly gunzTarPerm extractEntry deps/tesseract/ccstruct/quspline.cpp
453 silly gunzTarPerm extractEntry deps/tesseract/ccstruct/quspline.h
454 silly gunzTarPerm extractEntry deps/tesseract/ccstruct/ratngs.cpp
455 silly gunzTarPerm extractEntry deps/tesseract/ccstruct/ratngs.h
456 silly gunzTarPerm extractEntry deps/tesseract/ccstruct/rect.cpp
457 silly gunzTarPerm extractEntry deps/tesseract/ccstruct/rect.h
458 silly gunzTarPerm extractEntry deps/tesseract/ccstruct/rejctmap.cpp
459 silly gunzTarPerm extractEntry deps/tesseract/ccstruct/rejctmap.h
460 silly gunzTarPerm extractEntry deps/tesseract/ccstruct/seam.cpp
461 silly gunzTarPerm extractEntry deps/tesseract/ccstruct/seam.h
462 silly gunzTarPerm extractEntry deps/tesseract/ccstruct/split.cpp
463 silly gunzTarPerm extractEntry deps/tesseract/ccstruct/split.h
464 silly gunzTarPerm extractEntry deps/tesseract/ccstruct/statistc.cpp
465 silly gunzTarPerm extractEntry deps/tesseract/ccstruct/statistc.h
466 silly gunzTarPerm extractEntry deps/tesseract/ccstruct/stepblob.cpp
467 silly gunzTarPerm extractEntry deps/tesseract/ccstruct/stepblob.h
468 silly gunzTarPerm extractEntry deps/tesseract/ccstruct/vecfuncs.cpp
469 silly gunzTarPerm extractEntry deps/tesseract/ccstruct/vecfuncs.h
470 silly gunzTarPerm extractEntry deps/tesseract/ccstruct/werd.cpp
471 silly gunzTarPerm extractEntry deps/tesseract/ccstruct/werd.h
472 silly gunzTarPerm extractEntry deps/tesseract/ccutil/mfcpch.cpp
473 silly gunzTarPerm extractEntry deps/tesseract/ccutil/ambigs.cpp
474 silly gunzTarPerm extractEntry deps/tesseract/ccutil/basedir.cpp
475 silly gunzTarPerm extractEntry deps/tesseract/ccutil/basedir.h
476 silly gunzTarPerm extractEntry deps/tesseract/ccutil/bits16.cpp
477 silly gunzTarPerm extractEntry deps/tesseract/ccutil/bits16.h
478 silly gunzTarPerm extractEntry deps/tesseract/ccutil/bitvector.cpp
479 silly gunzTarPerm extractEntry deps/tesseract/ccutil/bitvector.h
480 silly gunzTarPerm extractEntry deps/tesseract/ccutil/ccutil.cpp
481 silly gunzTarPerm extractEntry deps/tesseract/ccutil/ccutil.h
482 silly gunzTarPerm extractEntry deps/tesseract/ccutil/clst.cpp
483 silly gunzTarPerm extractEntry deps/tesseract/ccutil/clst.h
484 silly gunzTarPerm extractEntry deps/tesseract/ccutil/elst.cpp
485 silly gunzTarPerm extractEntry deps/tesseract/ccutil/elst.h
486 silly gunzTarPerm extractEntry deps/tesseract/ccutil/elst2.cpp
487 silly gunzTarPerm extractEntry deps/tesseract/ccutil/elst2.h
488 silly gunzTarPerm extractEntry deps/tesseract/ccutil/errcode.cpp
489 silly gunzTarPerm extractEntry deps/tesseract/ccutil/errcode.h
490 silly gunzTarPerm extractEntry deps/tesseract/ccutil/fileerr.h
491 silly gunzTarPerm extractEntry deps/tesseract/ccutil/genericvector.h
492 silly gunzTarPerm extractEntry deps/tesseract/ccutil/globaloc.cpp
493 silly gunzTarPerm extractEntry deps/tesseract/ccutil/globaloc.h
494 silly gunzTarPerm extractEntry deps/tesseract/ccutil/hashfn.cpp
495 silly gunzTarPerm extractEntry deps/tesseract/ccutil/hashfn.h
496 silly gunzTarPerm extractEntry deps/tesseract/ccutil/helpers.h
497 silly gunzTarPerm extractEntry deps/tesseract/ccutil/host.h
498 silly gunzTarPerm extractEntry deps/tesseract/ccutil/hosthplb.h
499 silly gunzTarPerm extractEntry deps/tesseract/ccutil/indexmapbidi.cpp
500 silly gunzTarPerm extractEntry deps/tesseract/ccutil/indexmapbidi.h
501 silly gunzTarPerm extractEntry deps/tesseract/ccutil/lsterr.h
502 silly gunzTarPerm extractEntry deps/tesseract/ccutil/mainblk.cpp
503 silly gunzTarPerm extractEntry deps/tesseract/ccutil/memry.cpp
504 silly gunzTarPerm extractEntry deps/tesseract/ccutil/memry.h
505 silly gunzTarPerm extractEntry deps/tesseract/ccutil/ambigs.h
506 silly gunzTarPerm extractEntry deps/tesseract/ccutil/mfcpch.h
507 silly gunzTarPerm extractEntry deps/tesseract/ccutil/ndminx.h
508 silly gunzTarPerm extractEntry deps/tesseract/ccutil/notdll.h
509 silly gunzTarPerm extractEntry deps/tesseract/ccutil/nwmain.h
510 silly gunzTarPerm extractEntry deps/tesseract/ccutil/ocrclass.h
511 silly gunzTarPerm extractEntry deps/tesseract/ccutil/params.cpp
512 silly gunzTarPerm extractEntry deps/tesseract/ccutil/params.h
513 silly gunzTarPerm extractEntry deps/tesseract/ccutil/platform.h
514 silly gunzTarPerm extractEntry deps/tesseract/ccutil/qrsequence.h
515 silly gunzTarPerm extractEntry deps/tesseract/ccutil/scanutils.cpp
516 silly gunzTarPerm extractEntry deps/tesseract/ccutil/scanutils.h
517 silly gunzTarPerm extractEntry deps/tesseract/ccutil/secname.h
518 silly gunzTarPerm extractEntry deps/tesseract/ccutil/serialis.cpp
519 silly gunzTarPerm extractEntry deps/tesseract/ccutil/serialis.h
520 silly gunzTarPerm extractEntry deps/tesseract/ccutil/sorthelper.h
521 silly gunzTarPerm extractEntry deps/tesseract/ccutil/stderr.h
522 silly gunzTarPerm extractEntry deps/tesseract/ccutil/strngs.cpp
523 silly gunzTarPerm extractEntry deps/tesseract/ccutil/strngs.h
524 silly gunzTarPerm extractEntry deps/tesseract/ccutil/tesscallback.h
525 silly gunzTarPerm extractEntry deps/tesseract/ccutil/tessdatamanager.cpp
526 silly gunzTarPerm extractEntry deps/tesseract/ccutil/tessdatamanager.h
527 silly gunzTarPerm extractEntry deps/tesseract/ccutil/tprintf.cpp
528 silly gunzTarPerm extractEntry deps/tesseract/ccutil/tprintf.h
529 silly gunzTarPerm extractEntry deps/tesseract/ccutil/unichar.cpp
530 silly gunzTarPerm extractEntry deps/tesseract/ccutil/unichar.h
531 silly gunzTarPerm extractEntry deps/tesseract/ccutil/unicharmap.cpp
532 silly gunzTarPerm extractEntry deps/tesseract/ccutil/unicharmap.h
533 silly gunzTarPerm extractEntry deps/tesseract/ccutil/unicharset.cpp
534 silly gunzTarPerm extractEntry deps/tesseract/ccutil/unicharset.h
535 silly gunzTarPerm extractEntry deps/tesseract/ccutil/unicity_table.h
536 silly gunzTarPerm extractEntry deps/tesseract/ccutil/unicodes.cpp
537 silly gunzTarPerm extractEntry deps/tesseract/ccutil/unicodes.h
538 silly gunzTarPerm extractEntry deps/tesseract/classify/intproto.cpp
539 silly gunzTarPerm extractEntry deps/tesseract/classify/adaptive.cpp
540 silly gunzTarPerm extractEntry deps/tesseract/classify/adaptmatch.cpp
541 silly gunzTarPerm extractEntry deps/tesseract/classify/baseline.h
542 silly gunzTarPerm extractEntry deps/tesseract/classify/blobclass.cpp
543 silly gunzTarPerm extractEntry deps/tesseract/classify/blobclass.h
544 silly gunzTarPerm extractEntry deps/tesseract/classify/chartoname.cpp
545 silly gunzTarPerm extractEntry deps/tesseract/classify/chartoname.h
546 silly gunzTarPerm extractEntry deps/tesseract/classify/classify.cpp
547 silly gunzTarPerm extractEntry deps/tesseract/classify/classify.h
548 silly gunzTarPerm extractEntry deps/tesseract/classify/cluster.cpp
549 silly gunzTarPerm extractEntry deps/tesseract/classify/cluster.h
550 silly gunzTarPerm extractEntry deps/tesseract/classify/clusttool.cpp
551 silly gunzTarPerm extractEntry deps/tesseract/classify/clusttool.h
552 silly gunzTarPerm extractEntry deps/tesseract/classify/cutoffs.cpp
553 silly gunzTarPerm extractEntry deps/tesseract/classify/cutoffs.h
554 silly gunzTarPerm extractEntry deps/tesseract/classify/errorcounter.cpp
555 silly gunzTarPerm extractEntry deps/tesseract/classify/errorcounter.h
556 silly gunzTarPerm extractEntry deps/tesseract/classify/extern.h
557 silly gunzTarPerm extractEntry deps/tesseract/classify/extract.cpp
558 silly gunzTarPerm extractEntry deps/tesseract/classify/extract.h
559 silly gunzTarPerm extractEntry deps/tesseract/classify/featdefs.cpp
560 silly gunzTarPerm extractEntry deps/tesseract/classify/featdefs.h
561 silly gunzTarPerm extractEntry deps/tesseract/classify/flexfx.cpp
562 silly gunzTarPerm extractEntry deps/tesseract/classify/flexfx.h
563 silly gunzTarPerm extractEntry deps/tesseract/classify/float2int.cpp
564 silly gunzTarPerm extractEntry deps/tesseract/classify/float2int.h
565 silly gunzTarPerm extractEntry deps/tesseract/classify/fpoint.cpp
566 silly gunzTarPerm extractEntry deps/tesseract/classify/fpoint.h
567 silly gunzTarPerm extractEntry deps/tesseract/classify/fxdefs.cpp
568 silly gunzTarPerm extractEntry deps/tesseract/classify/fxdefs.h
569 silly gunzTarPerm extractEntry deps/tesseract/classify/intfeaturedist.cpp
570 silly gunzTarPerm extractEntry deps/tesseract/classify/intfeaturedist.h
571 silly gunzTarPerm extractEntry deps/tesseract/classify/intfeaturemap.cpp
572 silly gunzTarPerm extractEntry deps/tesseract/classify/intfeaturemap.h
573 silly gunzTarPerm extractEntry deps/tesseract/classify/intfeaturespace.cpp
574 silly gunzTarPerm extractEntry deps/tesseract/classify/intfeaturespace.h
575 silly gunzTarPerm extractEntry deps/tesseract/classify/intfx.cpp
576 silly gunzTarPerm extractEntry deps/tesseract/classify/intfx.h
577 silly gunzTarPerm extractEntry deps/tesseract/classify/intmatcher.cpp
578 silly gunzTarPerm extractEntry deps/tesseract/classify/intmatcher.h
579 silly gunzTarPerm extractEntry deps/tesseract/classify/adaptive.h
580 silly gunzTarPerm extractEntry deps/tesseract/classify/intproto.h
581 silly gunzTarPerm extractEntry deps/tesseract/classify/kdtree.cpp
582 silly gunzTarPerm extractEntry deps/tesseract/classify/kdtree.h
583 silly gunzTarPerm extractEntry deps/tesseract/classify/mastertrainer.cpp
584 silly gunzTarPerm extractEntry deps/tesseract/classify/mastertrainer.h
585 silly gunzTarPerm extractEntry deps/tesseract/classify/mf.cpp
586 silly gunzTarPerm extractEntry deps/tesseract/classify/mf.h
587 silly gunzTarPerm extractEntry deps/tesseract/classify/mfdefs.cpp
588 silly gunzTarPerm extractEntry deps/tesseract/classify/mfdefs.h
589 silly gunzTarPerm extractEntry deps/tesseract/classify/mfoutline.cpp
590 silly gunzTarPerm extractEntry deps/tesseract/classify/mfoutline.h
591 silly gunzTarPerm extractEntry deps/tesseract/classify/mfx.cpp
592 silly gunzTarPerm extractEntry deps/tesseract/classify/mfx.h
593 silly gunzTarPerm extractEntry deps/tesseract/classify/normfeat.cpp
594 silly gunzTarPerm extractEntry deps/tesseract/classify/normfeat.h
595 silly gunzTarPerm extractEntry deps/tesseract/classify/normmatch.cpp
596 silly gunzTarPerm extractEntry deps/tesseract/classify/normmatch.h
597 silly gunzTarPerm extractEntry deps/tesseract/classify/ocrfeatures.cpp
598 silly gunzTarPerm extractEntry deps/tesseract/classify/ocrfeatures.h
599 silly gunzTarPerm extractEntry deps/tesseract/classify/outfeat.cpp
600 silly gunzTarPerm extractEntry deps/tesseract/classify/outfeat.h
601 silly gunzTarPerm extractEntry deps/tesseract/classify/picofeat.cpp
602 silly gunzTarPerm extractEntry deps/tesseract/classify/picofeat.h
603 silly gunzTarPerm extractEntry deps/tesseract/classify/protos.cpp
604 silly gunzTarPerm extractEntry deps/tesseract/classify/protos.h
605 silly gunzTarPerm extractEntry deps/tesseract/classify/sampleiterator.cpp
606 silly gunzTarPerm extractEntry deps/tesseract/classify/sampleiterator.h
607 silly gunzTarPerm extractEntry deps/tesseract/classify/shapeclassifier.h
608 silly gunzTarPerm extractEntry deps/tesseract/classify/shapetable.cpp
609 silly gunzTarPerm extractEntry deps/tesseract/classify/shapetable.h
610 silly gunzTarPerm extractEntry deps/tesseract/classify/speckle.cpp
611 silly gunzTarPerm extractEntry deps/tesseract/classify/speckle.h
612 silly gunzTarPerm extractEntry deps/tesseract/classify/tessclassifier.cpp
613 silly gunzTarPerm extractEntry deps/tesseract/classify/tessclassifier.h
614 silly gunzTarPerm extractEntry deps/tesseract/classify/trainingsample.cpp
615 silly gunzTarPerm extractEntry deps/tesseract/classify/trainingsample.h
616 silly gunzTarPerm extractEntry deps/tesseract/classify/trainingsampleset.cpp
617 silly gunzTarPerm extractEntry deps/tesseract/classify/trainingsampleset.h
618 silly gunzTarPerm extractEntry deps/tesseract/classify/xform2d.cpp
619 silly gunzTarPerm extractEntry deps/tesseract/classify/xform2d.h
620 silly gunzTarPerm extractEntry deps/tesseract/COPYING
621 silly gunzTarPerm extractEntry deps/tesseract/cube/cube_search_object.h
622 silly gunzTarPerm extractEntry deps/tesseract/cube/altlist.cpp
623 silly gunzTarPerm extractEntry deps/tesseract/cube/beam_search.cpp
624 silly gunzTarPerm extractEntry deps/tesseract/cube/beam_search.h
625 silly gunzTarPerm extractEntry deps/tesseract/cube/bmp_8.cpp
626 silly gunzTarPerm extractEntry deps/tesseract/cube/bmp_8.h
627 silly gunzTarPerm extractEntry deps/tesseract/cube/cached_file.cpp
628 silly gunzTarPerm extractEntry deps/tesseract/cube/cached_file.h
629 silly gunzTarPerm extractEntry deps/tesseract/cube/char_altlist.cpp
630 silly gunzTarPerm extractEntry deps/tesseract/cube/char_altlist.h
631 silly gunzTarPerm extractEntry deps/tesseract/cube/char_bigrams.cpp
632 silly gunzTarPerm extractEntry deps/tesseract/cube/char_bigrams.h
633 silly gunzTarPerm extractEntry deps/tesseract/cube/char_samp.cpp
634 silly gunzTarPerm extractEntry deps/tesseract/cube/char_samp.h
635 silly gunzTarPerm extractEntry deps/tesseract/cube/char_samp_enum.cpp
636 silly gunzTarPerm extractEntry deps/tesseract/cube/char_samp_enum.h
637 silly gunzTarPerm extractEntry deps/tesseract/cube/char_samp_set.cpp
638 silly gunzTarPerm extractEntry deps/tesseract/cube/char_samp_set.h
639 silly gunzTarPerm extractEntry deps/tesseract/cube/char_set.cpp
640 silly gunzTarPerm extractEntry deps/tesseract/cube/char_set.h
641 silly gunzTarPerm extractEntry deps/tesseract/cube/classifier_base.h
642 silly gunzTarPerm extractEntry deps/tesseract/cube/classifier_factory.cpp
643 silly gunzTarPerm extractEntry deps/tesseract/cube/classifier_factory.h
644 silly gunzTarPerm extractEntry deps/tesseract/cube/con_comp.cpp
645 silly gunzTarPerm extractEntry deps/tesseract/cube/con_comp.h
646 silly gunzTarPerm extractEntry deps/tesseract/cube/conv_net_classifier.cpp
647 silly gunzTarPerm extractEntry deps/tesseract/cube/conv_net_classifier.h
648 silly gunzTarPerm extractEntry deps/tesseract/cube/cube_const.h
649 silly gunzTarPerm extractEntry deps/tesseract/cube/cube_line_object.cpp
650 silly gunzTarPerm extractEntry deps/tesseract/cube/cube_line_object.h
651 silly gunzTarPerm extractEntry deps/tesseract/cube/cube_line_segmenter.cpp
652 silly gunzTarPerm extractEntry deps/tesseract/cube/cube_line_segmenter.h
653 silly gunzTarPerm extractEntry deps/tesseract/cube/cube_object.cpp
654 silly gunzTarPerm extractEntry deps/tesseract/cube/cube_object.h
655 silly gunzTarPerm extractEntry deps/tesseract/cube/cube_search_object.cpp
656 silly gunzTarPerm extractEntry deps/tesseract/cube/altlist.h
657 silly gunzTarPerm extractEntry deps/tesseract/cube/cube_tuning_params.cpp
658 silly gunzTarPerm extractEntry deps/tesseract/cube/cube_tuning_params.h
659 silly gunzTarPerm extractEntry deps/tesseract/cube/cube_utils.cpp
660 silly gunzTarPerm extractEntry deps/tesseract/cube/cube_utils.h
661 silly gunzTarPerm extractEntry deps/tesseract/cube/feature_base.h
662 silly gunzTarPerm extractEntry deps/tesseract/cube/feature_bmp.cpp
663 silly gunzTarPerm extractEntry deps/tesseract/cube/feature_bmp.h
664 silly gunzTarPerm extractEntry deps/tesseract/cube/feature_chebyshev.cpp
665 silly gunzTarPerm extractEntry deps/tesseract/cube/feature_chebyshev.h
666 silly gunzTarPerm extractEntry deps/tesseract/cube/feature_hybrid.cpp
667 silly gunzTarPerm extractEntry deps/tesseract/cube/feature_hybrid.h
668 silly gunzTarPerm extractEntry deps/tesseract/cube/hybrid_neural_net_classifier.cpp
669 silly gunzTarPerm extractEntry deps/tesseract/cube/hybrid_neural_net_classifier.h
670 silly gunzTarPerm extractEntry deps/tesseract/cube/lang_mod_edge.h
671 silly gunzTarPerm extractEntry deps/tesseract/cube/lang_model.h
672 silly gunzTarPerm extractEntry deps/tesseract/cube/search_column.cpp
673 silly gunzTarPerm extractEntry deps/tesseract/cube/search_column.h
674 silly gunzTarPerm extractEntry deps/tesseract/cube/search_node.cpp
675 silly gunzTarPerm extractEntry deps/tesseract/cube/search_node.h
676 silly gunzTarPerm extractEntry deps/tesseract/cube/search_object.h
677 silly gunzTarPerm extractEntry deps/tesseract/cube/string_32.h
678 silly gunzTarPerm extractEntry deps/tesseract/cube/tess_lang_mod_edge.cpp
679 silly gunzTarPerm extractEntry deps/tesseract/cube/tess_lang_mod_edge.h
680 silly gunzTarPerm extractEntry deps/tesseract/cube/tess_lang_model.cpp
681 silly gunzTarPerm extractEntry deps/tesseract/cube/tess_lang_model.h
682 silly gunzTarPerm extractEntry deps/tesseract/cube/tuning_params.h
683 silly gunzTarPerm extractEntry deps/tesseract/cube/word_altlist.cpp
684 silly gunzTarPerm extractEntry deps/tesseract/cube/word_altlist.h
685 silly gunzTarPerm extractEntry deps/tesseract/cube/word_list_lang_model.cpp
686 silly gunzTarPerm extractEntry deps/tesseract/cube/word_list_lang_model.h
687 silly gunzTarPerm extractEntry deps/tesseract/cube/word_size_model.cpp
688 silly gunzTarPerm extractEntry deps/tesseract/cube/word_size_model.h
689 silly gunzTarPerm extractEntry deps/tesseract/cube/word_unigrams.cpp
690 silly gunzTarPerm extractEntry deps/tesseract/cube/word_unigrams.h
691 silly gunzTarPerm extractEntry deps/tesseract/cutil/emalloc.h
692 silly gunzTarPerm extractEntry deps/tesseract/cutil/bitvec.cpp
693 silly gunzTarPerm extractEntry deps/tesseract/cutil/callcpp.cpp
694 silly gunzTarPerm extractEntry deps/tesseract/cutil/callcpp.h
695 silly gunzTarPerm extractEntry deps/tesseract/cutil/const.h
696 silly gunzTarPerm extractEntry deps/tesseract/cutil/cutil.cpp
697 silly gunzTarPerm extractEntry deps/tesseract/cutil/cutil.h
698 silly gunzTarPerm extractEntry deps/tesseract/cutil/cutil_class.cpp
699 silly gunzTarPerm extractEntry deps/tesseract/cutil/cutil_class.h
700 silly gunzTarPerm extractEntry deps/tesseract/cutil/danerror.cpp
701 silly gunzTarPerm extractEntry deps/tesseract/cutil/danerror.h
702 silly gunzTarPerm extractEntry deps/tesseract/cutil/efio.cpp
703 silly gunzTarPerm extractEntry deps/tesseract/cutil/efio.h
704 silly gunzTarPerm extractEntry deps/tesseract/cutil/emalloc.cpp
705 silly gunzTarPerm extractEntry deps/tesseract/cutil/bitvec.h
706 silly gunzTarPerm extractEntry deps/tesseract/cutil/freelist.cpp
707 silly gunzTarPerm extractEntry deps/tesseract/cutil/freelist.h
708 silly gunzTarPerm extractEntry deps/tesseract/cutil/globals.h
709 silly gunzTarPerm extractEntry deps/tesseract/cutil/listio.cpp
710 silly gunzTarPerm extractEntry deps/tesseract/cutil/listio.h
711 silly gunzTarPerm extractEntry deps/tesseract/cutil/oldheap.cpp
712 silly gunzTarPerm extractEntry deps/tesseract/cutil/oldheap.h
713 silly gunzTarPerm extractEntry deps/tesseract/cutil/oldlist.cpp
714 silly gunzTarPerm extractEntry deps/tesseract/cutil/oldlist.h
715 silly gunzTarPerm extractEntry deps/tesseract/cutil/structures.cpp
716 silly gunzTarPerm extractEntry deps/tesseract/cutil/structures.h
717 silly gunzTarPerm extractEntry deps/tesseract/cutil/tessarray.cpp
718 silly gunzTarPerm extractEntry deps/tesseract/cutil/tessarray.h
719 silly gunzTarPerm extractEntry deps/tesseract/ccmain/paragraphs.h
720 silly gunzTarPerm extractEntry deps/tesseract/ccmain/adaptions.cpp
721 silly gunzTarPerm extractEntry deps/tesseract/ccmain/control.cpp
722 silly gunzTarPerm extractEntry deps/tesseract/ccmain/control.h
723 silly gunzTarPerm extractEntry deps/tesseract/ccmain/cube_control.cpp
724 silly gunzTarPerm extractEntry deps/tesseract/ccmain/cube_reco_context.cpp
725 silly gunzTarPerm extractEntry deps/tesseract/ccmain/cube_reco_context.h
726 silly gunzTarPerm extractEntry deps/tesseract/ccmain/cubeclassifier.cpp
727 silly gunzTarPerm extractEntry deps/tesseract/ccmain/cubeclassifier.h
728 silly gunzTarPerm extractEntry deps/tesseract/ccmain/docqual.cpp
729 silly gunzTarPerm extractEntry deps/tesseract/ccmain/docqual.h
730 silly gunzTarPerm extractEntry deps/tesseract/ccmain/equationdetect.cpp
731 silly gunzTarPerm extractEntry deps/tesseract/ccmain/equationdetect.h
732 silly gunzTarPerm extractEntry deps/tesseract/ccmain/fixspace.cpp
733 silly gunzTarPerm extractEntry deps/tesseract/ccmain/fixspace.h
734 silly gunzTarPerm extractEntry deps/tesseract/ccmain/fixxht.cpp
735 silly gunzTarPerm extractEntry deps/tesseract/ccmain/imgscale.cpp
736 silly gunzTarPerm extractEntry deps/tesseract/ccmain/imgscale.h
737 silly gunzTarPerm extractEntry deps/tesseract/ccmain/ltrresultiterator.cpp
738 silly gunzTarPerm extractEntry deps/tesseract/ccmain/ltrresultiterator.h
739 silly gunzTarPerm extractEntry deps/tesseract/ccmain/mutableiterator.h
740 silly gunzTarPerm extractEntry deps/tesseract/ccmain/osdetect.cpp
741 silly gunzTarPerm extractEntry deps/tesseract/ccmain/osdetect.h
742 silly gunzTarPerm extractEntry deps/tesseract/ccmain/output.cpp
743 silly gunzTarPerm extractEntry deps/tesseract/ccmain/output.h
744 silly gunzTarPerm extractEntry deps/tesseract/ccmain/pageiterator.cpp
745 silly gunzTarPerm extractEntry deps/tesseract/ccmain/pageiterator.h
746 silly gunzTarPerm extractEntry deps/tesseract/ccmain/pagesegmain.cpp
747 silly gunzTarPerm extractEntry deps/tesseract/ccmain/pagewalk.cpp
748 silly gunzTarPerm extractEntry deps/tesseract/ccmain/paragraphs.cpp
749 silly gunzTarPerm extractEntry deps/tesseract/ccmain/applybox.cpp
750 silly gunzTarPerm extractEntry deps/tesseract/ccmain/paragraphs_internal.h
751 silly gunzTarPerm extractEntry deps/tesseract/ccmain/paramsd.cpp
752 silly gunzTarPerm extractEntry deps/tesseract/ccmain/paramsd.h
753 silly gunzTarPerm extractEntry deps/tesseract/ccmain/pgedit.cpp
754 silly gunzTarPerm extractEntry deps/tesseract/ccmain/pgedit.h
755 silly gunzTarPerm extractEntry deps/tesseract/ccmain/recogtraining.cpp
756 silly gunzTarPerm extractEntry deps/tesseract/ccmain/reject.cpp
757 silly gunzTarPerm extractEntry deps/tesseract/ccmain/reject.h
758 silly gunzTarPerm extractEntry deps/tesseract/ccmain/resultiterator.cpp
759 silly gunzTarPerm extractEntry deps/tesseract/ccmain/resultiterator.h
760 silly gunzTarPerm extractEntry deps/tesseract/ccmain/scaleimg.cpp
761 silly gunzTarPerm extractEntry deps/tesseract/ccmain/scaleimg.h
762 silly gunzTarPerm extractEntry deps/tesseract/ccmain/tessbox.cpp
763 silly gunzTarPerm extractEntry deps/tesseract/ccmain/tessbox.h
764 silly gunzTarPerm extractEntry deps/tesseract/ccmain/tessedit.cpp
765 silly gunzTarPerm extractEntry deps/tesseract/ccmain/tessedit.h
766 silly gunzTarPerm extractEntry deps/tesseract/ccmain/tesseract_cube_combiner.cpp
767 silly gunzTarPerm extractEntry deps/tesseract/ccmain/tesseract_cube_combiner.h
768 silly gunzTarPerm extractEntry deps/tesseract/ccmain/tesseractclass.cpp
769 silly gunzTarPerm extractEntry deps/tesseract/ccmain/tesseractclass.h
770 silly gunzTarPerm extractEntry deps/tesseract/ccmain/tessvars.cpp
771 silly gunzTarPerm extractEntry deps/tesseract/ccmain/tessvars.h
772 silly gunzTarPerm extractEntry deps/tesseract/ccmain/tfacep.h
773 silly gunzTarPerm extractEntry deps/tesseract/ccmain/tfacepp.cpp
774 silly gunzTarPerm extractEntry deps/tesseract/ccmain/tfacepp.h
775 silly gunzTarPerm extractEntry deps/tesseract/ccmain/thresholder.cpp
776 silly gunzTarPerm extractEntry deps/tesseract/ccmain/thresholder.h
777 silly gunzTarPerm extractEntry deps/tesseract/ccmain/werdit.cpp
778 silly gunzTarPerm extractEntry deps/tesseract/ccmain/werdit.h
779 silly gunzTarPerm extractEntry deps/tesseract/image/imgs.h
780 silly gunzTarPerm extractEntry deps/tesseract/image/image.cpp
781 silly gunzTarPerm extractEntry deps/tesseract/image/img.h
782 silly gunzTarPerm extractEntry deps/tesseract/image/imgerrs.h
783 silly gunzTarPerm extractEntry deps/tesseract/image/imgs.cpp
784 silly gunzTarPerm extractEntry deps/tesseract/image/image.h
785 silly gunzTarPerm extractEntry deps/tesseract/image/imgtiff.cpp
786 silly gunzTarPerm extractEntry deps/tesseract/image/imgtiff.h
787 silly gunzTarPerm extractEntry deps/tesseract/image/imgunpk.h
788 silly gunzTarPerm extractEntry deps/tesseract/image/svshowim.cpp
789 silly gunzTarPerm extractEntry deps/tesseract/image/svshowim.h
790 silly gunzTarPerm extractEntry deps/tesseract/neural_networks/runtime/input_file_buffer.cpp
791 silly gunzTarPerm extractEntry deps/tesseract/neural_networks/runtime/input_file_buffer.h
792 silly gunzTarPerm extractEntry deps/tesseract/neural_networks/runtime/neural_net.cpp
793 silly gunzTarPerm extractEntry deps/tesseract/neural_networks/runtime/neural_net.h
794 silly gunzTarPerm extractEntry deps/tesseract/neural_networks/runtime/neuron.cpp
795 silly gunzTarPerm extractEntry deps/tesseract/neural_networks/runtime/neuron.h
796 silly gunzTarPerm extractEntry deps/tesseract/neural_networks/runtime/sigmoid_table.cpp
797 silly gunzTarPerm extractEntry deps/tesseract/port/gettimeofday.cpp
798 silly gunzTarPerm extractEntry deps/tesseract/port/gettimeofday.h
799 silly gunzTarPerm extractEntry deps/tesseract/port/mathfix.h
800 silly gunzTarPerm extractEntry deps/tesseract/port/strtok_r.cpp
801 silly gunzTarPerm extractEntry deps/tesseract/port/strtok_r.h
802 silly gunzTarPerm extractEntry deps/tesseract/tesseract.gyp
803 silly gunzTarPerm extractEntry deps/tesseract/textord/linefind.h
804 silly gunzTarPerm extractEntry deps/tesseract/textord/alignedblob.cpp
805 silly gunzTarPerm extractEntry deps/tesseract/textord/bbgrid.cpp
806 silly gunzTarPerm extractEntry deps/tesseract/textord/bbgrid.h
807 silly gunzTarPerm extractEntry deps/tesseract/textord/blkocc.cpp
808 silly gunzTarPerm extractEntry deps/tesseract/textord/blkocc.h
809 silly gunzTarPerm extractEntry deps/tesseract/textord/blobgrid.cpp
810 silly gunzTarPerm extractEntry deps/tesseract/textord/blobgrid.h
811 silly gunzTarPerm extractEntry deps/tesseract/textord/ccnontextdetect.cpp
812 silly gunzTarPerm extractEntry deps/tesseract/textord/ccnontextdetect.h
813 silly gunzTarPerm extractEntry deps/tesseract/textord/cjkpitch.cpp
814 silly gunzTarPerm extractEntry deps/tesseract/textord/cjkpitch.h
815 silly gunzTarPerm extractEntry deps/tesseract/textord/colfind.cpp
816 silly gunzTarPerm extractEntry deps/tesseract/textord/colfind.h
817 silly gunzTarPerm extractEntry deps/tesseract/textord/colpartition.cpp
818 silly gunzTarPerm extractEntry deps/tesseract/textord/colpartition.h
819 silly gunzTarPerm extractEntry deps/tesseract/textord/colpartitiongrid.cpp
820 silly gunzTarPerm extractEntry deps/tesseract/textord/colpartitiongrid.h
821 silly gunzTarPerm extractEntry deps/tesseract/textord/colpartitionset.cpp
822 silly gunzTarPerm extractEntry deps/tesseract/textord/colpartitionset.h
823 silly gunzTarPerm extractEntry deps/tesseract/textord/devanagari_processing.cpp
824 silly gunzTarPerm extractEntry deps/tesseract/textord/devanagari_processing.h
825 silly gunzTarPerm extractEntry deps/tesseract/textord/drawedg.cpp
826 silly gunzTarPerm extractEntry deps/tesseract/textord/drawedg.h
827 silly gunzTarPerm extractEntry deps/tesseract/textord/drawtord.cpp
828 silly gunzTarPerm extractEntry deps/tesseract/textord/drawtord.h
829 silly gunzTarPerm extractEntry deps/tesseract/textord/edgblob.cpp
830 silly gunzTarPerm extractEntry deps/tesseract/textord/edgblob.h
831 silly gunzTarPerm extractEntry deps/tesseract/textord/edgloop.cpp
832 silly gunzTarPerm extractEntry deps/tesseract/textord/edgloop.h
833 silly gunzTarPerm extractEntry deps/tesseract/textord/equationdetectbase.cpp
834 silly gunzTarPerm extractEntry deps/tesseract/textord/equationdetectbase.h
835 silly gunzTarPerm extractEntry deps/tesseract/textord/fpchop.cpp
836 silly gunzTarPerm extractEntry deps/tesseract/textord/fpchop.h
837 silly gunzTarPerm extractEntry deps/tesseract/textord/gap_map.cpp
838 silly gunzTarPerm extractEntry deps/tesseract/textord/gap_map.h
839 silly gunzTarPerm extractEntry deps/tesseract/textord/imagefind.cpp
840 silly gunzTarPerm extractEntry deps/tesseract/textord/imagefind.h
841 silly gunzTarPerm extractEntry deps/tesseract/textord/linefind.cpp
842 silly gunzTarPerm extractEntry deps/tesseract/textord/alignedblob.h
843 silly gunzTarPerm extractEntry deps/tesseract/textord/makerow.cpp
844 silly gunzTarPerm extractEntry deps/tesseract/textord/makerow.h
845 silly gunzTarPerm extractEntry deps/tesseract/textord/oldbasel.cpp
846 silly gunzTarPerm extractEntry deps/tesseract/textord/oldbasel.h
847 silly gunzTarPerm extractEntry deps/tesseract/textord/pithsync.cpp
848 silly gunzTarPerm extractEntry deps/tesseract/textord/pithsync.h
849 silly gunzTarPerm extractEntry deps/tesseract/textord/pitsync1.cpp
850 silly gunzTarPerm extractEntry deps/tesseract/textord/pitsync1.h
851 silly gunzTarPerm extractEntry deps/tesseract/textord/scanedg.cpp
852 silly gunzTarPerm extractEntry deps/tesseract/textord/scanedg.h
853 silly gunzTarPerm extractEntry deps/tesseract/textord/sortflts.cpp
854 silly gunzTarPerm extractEntry deps/tesseract/textord/sortflts.h
855 silly gunzTarPerm extractEntry deps/tesseract/textord/strokewidth.cpp
856 silly gunzTarPerm extractEntry deps/tesseract/textord/strokewidth.h
857 silly gunzTarPerm extractEntry deps/tesseract/textord/tabfind.cpp
858 silly gunzTarPerm extractEntry deps/tesseract/textord/tabfind.h
859 silly gunzTarPerm extractEntry deps/tesseract/textord/tablefind.cpp
860 silly gunzTarPerm extractEntry deps/tesseract/textord/tablefind.h
861 silly gunzTarPerm extractEntry deps/tesseract/textord/tablerecog.cpp
862 silly gunzTarPerm extractEntry deps/tesseract/textord/tablerecog.h
863 silly gunzTarPerm extractEntry deps/tesseract/textord/tabvector.cpp
864 silly gunzTarPerm extractEntry deps/tesseract/textord/tabvector.h
865 silly gunzTarPerm extractEntry deps/tesseract/textord/textlineprojection.cpp
866 silly gunzTarPerm extractEntry deps/tesseract/textord/textlineprojection.h
867 silly gunzTarPerm extractEntry deps/tesseract/textord/textord.cpp
868 silly gunzTarPerm extractEntry deps/tesseract/textord/textord.h
869 silly gunzTarPerm extractEntry deps/tesseract/textord/topitch.cpp
870 silly gunzTarPerm extractEntry deps/tesseract/textord/topitch.h
871 silly gunzTarPerm extractEntry deps/tesseract/textord/tordmain.cpp
872 silly gunzTarPerm extractEntry deps/tesseract/textord/tordmain.h
873 silly gunzTarPerm extractEntry deps/tesseract/textord/tospace.cpp
874 silly gunzTarPerm extractEntry deps/tesseract/textord/tovars.cpp
875 silly gunzTarPerm extractEntry deps/tesseract/textord/tovars.h
876 silly gunzTarPerm extractEntry deps/tesseract/textord/underlin.cpp
877 silly gunzTarPerm extractEntry deps/tesseract/textord/underlin.h
878 silly gunzTarPerm extractEntry deps/tesseract/textord/wordseg.cpp
879 silly gunzTarPerm extractEntry deps/tesseract/textord/wordseg.h
880 silly gunzTarPerm extractEntry deps/tesseract/textord/workingpartset.cpp
881 silly gunzTarPerm extractEntry deps/tesseract/textord/workingpartset.h
882 silly gunzTarPerm extractEntry deps/tesseract/viewer/scrollview.cpp
883 silly gunzTarPerm extractEntry deps/tesseract/viewer/scrollview.h
884 silly gunzTarPerm extractEntry deps/tesseract/viewer/svmnode.cpp
885 silly gunzTarPerm extractEntry deps/tesseract/viewer/svmnode.h
886 silly gunzTarPerm extractEntry deps/tesseract/viewer/svpaint.cpp
887 silly gunzTarPerm extractEntry deps/tesseract/viewer/svutil.cpp
888 silly gunzTarPerm extractEntry deps/tesseract/viewer/svutil.h
889 silly gunzTarPerm extractEntry deps/tesseract/wordrec/makechop.h
890 silly gunzTarPerm extractEntry deps/tesseract/wordrec/associate.cpp
891 silly gunzTarPerm extractEntry deps/tesseract/wordrec/bestfirst.cpp
892 silly gunzTarPerm extractEntry deps/tesseract/wordrec/bestfirst.h
893 silly gunzTarPerm extractEntry deps/tesseract/wordrec/chop.cpp
894 silly gunzTarPerm extractEntry deps/tesseract/wordrec/chop.h
895 silly gunzTarPerm extractEntry deps/tesseract/wordrec/chopper.cpp
896 silly gunzTarPerm extractEntry deps/tesseract/wordrec/chopper.h
897 silly gunzTarPerm extractEntry deps/tesseract/wordrec/closed.cpp
898 silly gunzTarPerm extractEntry deps/tesseract/wordrec/closed.h
899 silly gunzTarPerm extractEntry deps/tesseract/wordrec/drawfx.cpp
900 silly gunzTarPerm extractEntry deps/tesseract/wordrec/drawfx.h
901 silly gunzTarPerm extractEntry deps/tesseract/wordrec/findseam.cpp
902 silly gunzTarPerm extractEntry deps/tesseract/wordrec/findseam.h
903 silly gunzTarPerm extractEntry deps/tesseract/wordrec/gradechop.cpp
904 silly gunzTarPerm extractEntry deps/tesseract/wordrec/gradechop.h
905 silly gunzTarPerm extractEntry deps/tesseract/wordrec/heuristic.cpp
906 silly gunzTarPerm extractEntry deps/tesseract/wordrec/language_model.cpp
907 silly gunzTarPerm extractEntry deps/tesseract/wordrec/language_model.h
908 silly gunzTarPerm extractEntry deps/tesseract/wordrec/makechop.cpp
909 silly gunzTarPerm extractEntry deps/tesseract/wordrec/associate.h
910 silly gunzTarPerm extractEntry deps/tesseract/wordrec/matchtab.cpp
911 silly gunzTarPerm extractEntry deps/tesseract/wordrec/matchtab.h
912 silly gunzTarPerm extractEntry deps/tesseract/wordrec/measure.h
913 silly gunzTarPerm extractEntry deps/tesseract/wordrec/olutil.cpp
914 silly gunzTarPerm extractEntry deps/tesseract/wordrec/olutil.h
915 silly gunzTarPerm extractEntry deps/tesseract/wordrec/outlines.cpp
916 silly gunzTarPerm extractEntry deps/tesseract/wordrec/outlines.h
917 silly gunzTarPerm extractEntry deps/tesseract/wordrec/pieces.cpp
918 silly gunzTarPerm extractEntry deps/tesseract/wordrec/plotedges.cpp
919 silly gunzTarPerm extractEntry deps/tesseract/wordrec/plotedges.h
920 silly gunzTarPerm extractEntry deps/tesseract/wordrec/plotseg.cpp
921 silly gunzTarPerm extractEntry deps/tesseract/wordrec/plotseg.h
922 silly gunzTarPerm extractEntry deps/tesseract/wordrec/render.cpp
923 silly gunzTarPerm extractEntry deps/tesseract/wordrec/render.h
924 silly gunzTarPerm extractEntry deps/tesseract/wordrec/segsearch.cpp
925 silly gunzTarPerm extractEntry deps/tesseract/wordrec/tface.cpp
926 silly gunzTarPerm extractEntry deps/tesseract/wordrec/wordclass.cpp
927 silly gunzTarPerm extractEntry deps/tesseract/wordrec/wordclass.h
928 silly gunzTarPerm extractEntry deps/tesseract/wordrec/wordrec.cpp
929 silly gunzTarPerm extractEntry deps/tesseract/wordrec/wordrec.h
930 silly gunzTarPerm extractEntry lib/tesseract.js
931 silly gunzTarPerm extractEntry src/module.cc
932 silly gunzTarPerm extractEntry src/TesseractBinding.cc
933 silly gunzTarPerm extractEntry src/TesseractBinding.h
934 silly gunzTarPerm extractEntry tessdata/eng.traineddata
935 silly gunzTarPerm extractEntry test/tesseractjs.test.js
936 silly gunzTarPerm extractEntry test/images/test-image.jpg
937 silly gunzTarPerm extractEntry test/images/test-image.png
938 silly gentlyRm /usr/local/lib/node_modules/.staging/tesseract-js-bd8014b6/node_modules is being purged
939 verbose gentlyRm don't care about contents; nuking /usr/local/lib/node_modules/.staging/tesseract-js-bd8014b6/node_modules
940 silly doParallel preinstall 2
941 silly preinstall chai@1.3.0 /usr/local/lib/node_modules/.staging/chai-98406139
942 info lifecycle chai@1.3.0~preinstall: chai@1.3.0
943 silly preinstall tesseract-js@0.0.1 /usr/local/lib/node_modules/.staging/tesseract-js-bd8014b6
944 info lifecycle tesseract-js@0.0.1~preinstall: tesseract-js@0.0.1
945 silly lifecycle chai@1.3.0~preinstall: no script for preinstall, continuing
946 silly lifecycle tesseract-js@0.0.1~preinstall: no script for preinstall, continuing
947 silly doReverseSerial remove 0
948 silly doSerial move 0
949 silly doSerial finalize 2
950 silly finalize /usr/local/lib/node_modules/tesseract-js/node_modules/chai
951 silly finalize /usr/local/lib/node_modules/tesseract-js
952 silly doSerial build 2
953 silly build chai@1.3.0
954 info linkStuff chai@1.3.0
955 silly linkStuff chai@1.3.0 has /usr/local/lib/node_modules/tesseract-js/node_modules as its parent node_modules
956 silly linkStuff chai@1.3.0 is part of a global install
957 silly linkStuff chai@1.3.0 is installed into a global node_modules
958 verbose linkBins chai@1.3.0
959 verbose linkMans chai@1.3.0
960 silly build tesseract-js@0.0.1
961 info linkStuff tesseract-js@0.0.1
962 silly linkStuff tesseract-js@0.0.1 has /usr/local/lib/node_modules as its parent node_modules
963 silly linkStuff tesseract-js@0.0.1 is part of a global install
964 silly linkStuff tesseract-js@0.0.1 is installed into a global node_modules
965 silly linkStuff tesseract-js@0.0.1 is installed into the top-level global node_modules
966 verbose linkBins tesseract-js@0.0.1
967 verbose linkMans tesseract-js@0.0.1
968 silly doSerial global-link 0
969 silly doParallel update-linked 0
970 silly doSerial install 2
971 silly install chai@1.3.0 /usr/local/lib/node_modules/.staging/chai-98406139
972 info lifecycle chai@1.3.0~install: chai@1.3.0
973 silly lifecycle chai@1.3.0~install: no script for install, continuing
974 silly install tesseract-js@0.0.1 /usr/local/lib/node_modules/.staging/tesseract-js-bd8014b6
975 info lifecycle tesseract-js@0.0.1~install: tesseract-js@0.0.1
976 verbose lifecycle tesseract-js@0.0.1~install: unsafe-perm in lifecycle true
977 verbose lifecycle tesseract-js@0.0.1~install: PATH: /usr/local/lib/node_modules/npm/bin/node-gyp-bin:/usr/local/lib/node_modules/tesseract-js/node_modules/.bin:/usr/local/lib/node_modules/.bin:/usr/local/Cellar/node/5.9.1/bin:/usr/local/bin:/usr/local/sbin:/usr/bin:/bin:/usr/sbin:/sbin
978 verbose lifecycle tesseract-js@0.0.1~install: CWD: /usr/local/lib/node_modules/tesseract-js
979 silly lifecycle tesseract-js@0.0.1~install: Args: [ '-c', 'node-gyp rebuild' ]
980 silly lifecycle tesseract-js@0.0.1~install: Returned: code: 1  signal: null
981 info lifecycle tesseract-js@0.0.1~install: Failed to exec install script
982 verbose unlock done using /Users/jnance/.npm/_locks/staging-3a08f0df5026584d.lock for /usr/local/lib/node_modules/.staging
983 silly rollbackFailedOptional Starting
984 silly rollbackFailedOptional Finishing
985 silly runTopLevelLifecycles Starting
986 silly runTopLevelLifecycles Finishing
987 silly install printInstalled
988 verbose stack Error: tesseract-js@0.0.1 install: `node-gyp rebuild`
988 verbose stack Exit status 1
988 verbose stack     at EventEmitter.<anonymous> (/usr/local/lib/node_modules/npm/lib/utils/lifecycle.js:239:16)
988 verbose stack     at emitTwo (events.js:100:13)
988 verbose stack     at EventEmitter.emit (events.js:185:7)
988 verbose stack     at ChildProcess.<anonymous> (/usr/local/lib/node_modules/npm/lib/utils/spawn.js:24:14)
988 verbose stack     at emitTwo (events.js:100:13)
988 verbose stack     at ChildProcess.emit (events.js:185:7)
988 verbose stack     at maybeClose (internal/child_process.js:850:16)
988 verbose stack     at Process.ChildProcess._handle.onexit (internal/child_process.js:215:5)
989 verbose pkgid tesseract-js@0.0.1
990 verbose cwd /Users/jnance/Documents/Vulgate-Capstone/ocr
991 error Darwin 14.5.0
992 error argv "/usr/local/Cellar/node/5.9.1/bin/node" "/usr/local/bin/npm" "install" "-g" "tesseract-js"
993 error node v5.10.1
994 error npm  v3.8.6
995 error code ELIFECYCLE
996 error tesseract-js@0.0.1 install: `node-gyp rebuild`
996 error Exit status 1
997 error Failed at the tesseract-js@0.0.1 install script 'node-gyp rebuild'.
997 error Make sure you have the latest version of node.js and npm installed.
997 error If you do, this is most likely a problem with the tesseract-js package,
997 error not with npm itself.
997 error Tell the author that this fails on your system:
997 error     node-gyp rebuild
997 error You can get information on how to open an issue for this project with:
997 error     npm bugs tesseract-js
997 error Or if that isn't available, you can get their info via:
997 error     npm owner ls tesseract-js
997 error There is likely additional logging output above.
998 verbose exit [ 1, true ]
